<?xml version="1.0" encoding="UTF-8"?>
<testsuite xmlns:xsi="http://www.w3.org/2001/XMLSchema-instance" xsi:noNamespaceSchemaLocation="https://maven.apache.org/surefire/maven-surefire-plugin/xsd/surefire-test-report.xsd" name="com.fluxsparkapp.annotation.AppTest" time="0.349" tests="6" errors="0" skipped="0" failures="0">
  <properties>
[...]
</properties>
  <testcase name="matchEmployeeDtoWithEmployee" classname="com.fluxsparkapp.annotation.AppTest" time="0.052"/>
  <testcase name="testCopyFields" classname="com.fluxsparkapp.annotation.AppTest" time="0"/>
  <testcase name="shouldAnswerWithTrue" classname="com.fluxsparkapp.annotation.AppTest" time="0.009"/>
  <testcase name="testClassesFrom" classname="com.fluxsparkapp.annotation.AppTest" time="0.008"/>
  <testcase name="matchSelfCopy" classname="com.fluxsparkapp.annotation.AppTest" time="0"/>
  <testcase name="matchEmployeeWithEmployeeDto" classname="com.fluxsparkapp.annotation.AppTest" time="0"/>
</testsuite>